[12/09/24 20:26:31] [INFORMACIÓN] Tabla Cliente creada o ya existía. 
[12/09/24 20:26:32] [INFORMACIÓN] Tabla Pelicula creada o ya existía. 
[12/09/24 20:26:32] [INFORMACIÓN] Tabla Entrada creada o ya existía. 
[12/09/24 20:26:32] [INFORMACIÓN] Tabla Carrito creada o ya existía. 
[12/09/24 20:26:32] [INFORMACIÓN] Tabla Butaca creada o ya existía. 
[12/09/24 20:26:32] [INFORMACIÓN] Tabla Butaca_Horario creada o ya existía. 
[12/09/24 20:26:32] [INFORMACIÓN] Tabla InicioSesion creada o ya existía. 
[12/09/24 20:26:32] [INFORMACIÓN] Tabla Horarios creada o ya existía. 
[12/09/24 20:26:32] [INFORMACIÓN] Tabla EntradasCompradas creada o ya existía. 
[12/09/24 20:26:32] [INFORMACIÓN] Los datos por defecto ya están insertados en todas las tablas. No se realizará ninguna acción. 
[12/09/24 20:26:32] [INFORMACIÓN] Se han borrado las Butacas 
[12/09/24 20:26:32] [INFORMACIÓN] Butaca con id: 1 insertado en la BBDD 
[12/09/24 20:26:32] [INFORMACIÓN] Butaca con id: 2 insertado en la BBDD 
[12/09/24 20:26:32] [INFORMACIÓN] Butaca con id: 3 insertado en la BBDD 
[12/09/24 20:26:32] [INFORMACIÓN] Butaca con id: 4 insertado en la BBDD 
[12/09/24 20:26:32] [INFORMACIÓN] Butaca con id: 5 insertado en la BBDD 
[12/09/24 20:26:32] [INFORMACIÓN] Butaca con id: 6 insertado en la BBDD 
[12/09/24 20:26:32] [INFORMACIÓN] Butaca con id: 7 insertado en la BBDD 
[12/09/24 20:26:32] [INFORMACIÓN] Butaca con id: 8 insertado en la BBDD 
[12/09/24 20:26:32] [INFORMACIÓN] Butaca con id: 9 insertado en la BBDD 
[12/09/24 20:26:32] [INFORMACIÓN] Butaca con id: 10 insertado en la BBDD 
[12/09/24 20:26:32] [INFORMACIÓN] Butaca con id: 11 insertado en la BBDD 
[12/09/24 20:26:32] [INFORMACIÓN] Butaca con id: 12 insertado en la BBDD 
[12/09/24 20:26:32] [INFORMACIÓN] Butaca con id: 13 insertado en la BBDD 
[12/09/24 20:26:32] [INFORMACIÓN] Butaca con id: 14 insertado en la BBDD 
[12/09/24 20:26:32] [INFORMACIÓN] Butaca con id: 15 insertado en la BBDD 
[12/09/24 20:26:32] [INFORMACIÓN] Butaca con id: 16 insertado en la BBDD 
[12/09/24 20:26:32] [INFORMACIÓN] Butaca con id: 17 insertado en la BBDD 
[12/09/24 20:26:32] [INFORMACIÓN] Butaca con id: 18 insertado en la BBDD 
[12/09/24 20:26:32] [INFORMACIÓN] Butaca con id: 19 insertado en la BBDD 
[12/09/24 20:26:32] [INFORMACIÓN] Butaca con id: 20 insertado en la BBDD 
[12/09/24 20:26:32] [INFORMACIÓN] Butaca con id: 21 insertado en la BBDD 
[12/09/24 20:26:32] [INFORMACIÓN] Butaca con id: 22 insertado en la BBDD 
[12/09/24 20:26:32] [INFORMACIÓN] Butaca con id: 23 insertado en la BBDD 
[12/09/24 20:26:32] [INFORMACIÓN] Butaca con id: 24 insertado en la BBDD 
[12/09/24 20:26:32] [INFORMACIÓN] Butaca con id: 25 insertado en la BBDD 
[12/09/24 20:26:32] [INFORMACIÓN] Butaca con id: 26 insertado en la BBDD 
[12/09/24 20:26:32] [INFORMACIÓN] Butaca con id: 27 insertado en la BBDD 
[12/09/24 20:26:32] [INFORMACIÓN] Butaca con id: 28 insertado en la BBDD 
[12/09/24 20:26:32] [INFORMACIÓN] Butaca con id: 29 insertado en la BBDD 
[12/09/24 20:26:32] [INFORMACIÓN] Butaca con id: 30 insertado en la BBDD 
[12/09/24 20:26:32] [INFORMACIÓN] Butaca con id: 31 insertado en la BBDD 
[12/09/24 20:26:32] [INFORMACIÓN] Butaca con id: 32 insertado en la BBDD 
[12/09/24 20:26:32] [INFORMACIÓN] Butaca con id: 33 insertado en la BBDD 
[12/09/24 20:26:32] [INFORMACIÓN] Butaca con id: 34 insertado en la BBDD 
[12/09/24 20:26:32] [INFORMACIÓN] Butaca con id: 35 insertado en la BBDD 
[12/09/24 20:26:32] [INFORMACIÓN] Butaca con id: 36 insertado en la BBDD 
[12/09/24 20:26:32] [INFORMACIÓN] Butaca con id: 37 insertado en la BBDD 
[12/09/24 20:26:32] [INFORMACIÓN] Butaca con id: 38 insertado en la BBDD 
[12/09/24 20:26:32] [INFORMACIÓN] Butaca con id: 39 insertado en la BBDD 
[12/09/24 20:26:32] [INFORMACIÓN] Butaca con id: 40 insertado en la BBDD 
[12/09/24 20:26:32] [INFORMACIÓN] Butaca con id: 41 insertado en la BBDD 
[12/09/24 20:26:32] [INFORMACIÓN] Butaca con id: 42 insertado en la BBDD 
[12/09/24 20:26:32] [INFORMACIÓN] Butaca con id: 43 insertado en la BBDD 
[12/09/24 20:26:32] [INFORMACIÓN] Butaca con id: 44 insertado en la BBDD 
[12/09/24 20:26:32] [INFORMACIÓN] Butaca con id: 45 insertado en la BBDD 
[12/09/24 20:26:32] [INFORMACIÓN] Butaca con id: 46 insertado en la BBDD 
[12/09/24 20:26:32] [INFORMACIÓN] Butaca con id: 47 insertado en la BBDD 
[12/09/24 20:26:32] [INFORMACIÓN] Butaca con id: 48 insertado en la BBDD 
[12/09/24 20:26:32] [INFORMACIÓN] Butaca con id: 49 insertado en la BBDD 
[12/09/24 20:26:32] [INFORMACIÓN] Butaca con id: 50 insertado en la BBDD 
[12/09/24 20:26:32] [INFORMACIÓN] Butaca con id: 51 insertado en la BBDD 
[12/09/24 20:26:33] [INFORMACIÓN] Butaca con id: 52 insertado en la BBDD 
[12/09/24 20:26:33] [INFORMACIÓN] Butaca con id: 53 insertado en la BBDD 
[12/09/24 20:26:33] [INFORMACIÓN] Butaca con id: 54 insertado en la BBDD 
[12/09/24 20:26:33] [INFORMACIÓN] Butaca con id: 55 insertado en la BBDD 
[12/09/24 20:26:33] [INFORMACIÓN] Butaca con id: 56 insertado en la BBDD 
[12/09/24 20:26:33] [INFORMACIÓN] Butaca con id: 57 insertado en la BBDD 
[12/09/24 20:26:33] [INFORMACIÓN] Butaca con id: 58 insertado en la BBDD 
[12/09/24 20:26:33] [INFORMACIÓN] Butaca con id: 59 insertado en la BBDD 
[12/09/24 20:26:33] [INFORMACIÓN] Butaca con id: 60 insertado en la BBDD 
[12/09/24 20:26:33] [INFORMACIÓN] Butaca con id: 61 insertado en la BBDD 
[12/09/24 20:26:33] [INFORMACIÓN] Butaca con id: 62 insertado en la BBDD 
[12/09/24 20:26:33] [INFORMACIÓN] Butaca con id: 63 insertado en la BBDD 
[12/09/24 20:26:33] [INFORMACIÓN] Butaca con id: 64 insertado en la BBDD 
[12/09/24 20:26:33] [INFORMACIÓN] Butaca con id: 65 insertado en la BBDD 
[12/09/24 20:26:33] [INFORMACIÓN] Butaca con id: 66 insertado en la BBDD 
[12/09/24 20:26:33] [INFORMACIÓN] Butaca con id: 67 insertado en la BBDD 
[12/09/24 20:26:33] [INFORMACIÓN] Butaca con id: 68 insertado en la BBDD 
[12/09/24 20:26:33] [INFORMACIÓN] Butaca con id: 69 insertado en la BBDD 
[12/09/24 20:26:33] [INFORMACIÓN] Butaca con id: 70 insertado en la BBDD 
[12/09/24 20:26:33] [INFORMACIÓN] Butaca con id: 71 insertado en la BBDD 
[12/09/24 20:26:33] [INFORMACIÓN] Butaca con id: 72 insertado en la BBDD 
[12/09/24 20:26:33] [INFORMACIÓN] Butaca con id: 73 insertado en la BBDD 
[12/09/24 20:26:33] [INFORMACIÓN] Butaca con id: 74 insertado en la BBDD 
[12/09/24 20:26:33] [INFORMACIÓN] Butaca con id: 75 insertado en la BBDD 
[12/09/24 20:26:33] [INFORMACIÓN] Butaca con id: 76 insertado en la BBDD 
[12/09/24 20:26:33] [INFORMACIÓN] Butaca con id: 77 insertado en la BBDD 
[12/09/24 20:26:33] [INFORMACIÓN] Butaca con id: 78 insertado en la BBDD 
[12/09/24 20:26:33] [INFORMACIÓN] Butaca con id: 79 insertado en la BBDD 
[12/09/24 20:26:33] [INFORMACIÓN] Butaca con id: 80 insertado en la BBDD 
[12/09/24 20:26:33] [INFORMACIÓN] Butaca con id: 81 insertado en la BBDD 
[12/09/24 20:26:33] [INFORMACIÓN] Butaca con id: 82 insertado en la BBDD 
[12/09/24 20:26:33] [INFORMACIÓN] Butaca con id: 83 insertado en la BBDD 
[12/09/24 20:26:33] [INFORMACIÓN] Butaca con id: 84 insertado en la BBDD 
[12/09/24 20:26:33] [INFORMACIÓN] Butaca con id: 85 insertado en la BBDD 
[12/09/24 20:26:33] [INFORMACIÓN] Butaca con id: 86 insertado en la BBDD 
[12/09/24 20:26:33] [INFORMACIÓN] Butaca con id: 87 insertado en la BBDD 
[12/09/24 20:26:33] [INFORMACIÓN] Butaca con id: 88 insertado en la BBDD 
[12/09/24 20:26:33] [INFORMACIÓN] Butaca con id: 89 insertado en la BBDD 
[12/09/24 20:26:33] [INFORMACIÓN] Butaca con id: 90 insertado en la BBDD 
[12/09/24 20:26:33] [INFORMACIÓN] Butaca con id: 91 insertado en la BBDD 
[12/09/24 20:26:33] [INFORMACIÓN] Butaca con id: 92 insertado en la BBDD 
[12/09/24 20:26:33] [INFORMACIÓN] Butaca con id: 93 insertado en la BBDD 
[12/09/24 20:26:33] [INFORMACIÓN] Butaca con id: 94 insertado en la BBDD 
[12/09/24 20:26:33] [INFORMACIÓN] Butaca con id: 95 insertado en la BBDD 
[12/09/24 20:26:33] [INFORMACIÓN] Butaca con id: 96 insertado en la BBDD 
[12/09/24 20:26:33] [INFORMACIÓN] Butaca con id: 97 insertado en la BBDD 
[12/09/24 20:26:33] [INFORMACIÓN] Butaca con id: 98 insertado en la BBDD 
[12/09/24 20:26:33] [INFORMACIÓN] Butaca con id: 99 insertado en la BBDD 
[12/09/24 20:26:33] [INFORMACIÓN] Butaca con id: 100 insertado en la BBDD 
[12/09/24 20:26:33] [INFORMACIÓN] Butaca con id: 101 insertado en la BBDD 
[12/09/24 20:26:33] [INFORMACIÓN] Butaca con id: 102 insertado en la BBDD 
[12/09/24 20:26:33] [INFORMACIÓN] Butaca con id: 103 insertado en la BBDD 
[12/09/24 20:26:33] [INFORMACIÓN] Butaca con id: 104 insertado en la BBDD 
[12/09/24 20:26:33] [INFORMACIÓN] Butaca con id: 105 insertado en la BBDD 
[12/09/24 20:26:33] [INFORMACIÓN] Butaca con id: 106 insertado en la BBDD 
[12/09/24 20:26:34] [INFORMACIÓN] Butaca con id: 107 insertado en la BBDD 
[12/09/24 20:26:34] [INFORMACIÓN] Butaca con id: 108 insertado en la BBDD 
[12/09/24 20:26:34] [INFORMACIÓN] Butaca con id: 109 insertado en la BBDD 
[12/09/24 20:26:34] [INFORMACIÓN] Butaca con id: 110 insertado en la BBDD 
[12/09/24 20:26:34] [INFORMACIÓN] Butaca con id: 111 insertado en la BBDD 
[12/09/24 20:26:34] [INFORMACIÓN] Butaca con id: 112 insertado en la BBDD 
[12/09/24 20:26:34] [INFORMACIÓN] Butaca con id: 113 insertado en la BBDD 
[12/09/24 20:26:34] [INFORMACIÓN] Butaca con id: 114 insertado en la BBDD 
[12/09/24 20:26:34] [INFORMACIÓN] Butaca con id: 115 insertado en la BBDD 
[12/09/24 20:26:34] [INFORMACIÓN] Butaca con id: 116 insertado en la BBDD 
[12/09/24 20:26:34] [INFORMACIÓN] Butaca con id: 117 insertado en la BBDD 
[12/09/24 20:26:34] [INFORMACIÓN] Butaca con id: 118 insertado en la BBDD 
[12/09/24 20:26:34] [INFORMACIÓN] Butaca con id: 119 insertado en la BBDD 
[12/09/24 20:26:34] [INFORMACIÓN] Butaca con id: 120 insertado en la BBDD 
[12/09/24 20:26:34] [INFORMACIÓN] Butaca con id: 121 insertado en la BBDD 
[12/09/24 20:26:34] [INFORMACIÓN] Butaca con id: 122 insertado en la BBDD 
[12/09/24 20:26:34] [INFORMACIÓN] Butaca con id: 123 insertado en la BBDD 
[12/09/24 20:26:34] [INFORMACIÓN] Butaca con id: 124 insertado en la BBDD 
[12/09/24 20:26:34] [INFORMACIÓN] Butaca con id: 125 insertado en la BBDD 
[12/09/24 20:26:34] [INFORMACIÓN] Butaca con id: 126 insertado en la BBDD 
[12/09/24 20:26:34] [INFORMACIÓN] Butaca con id: 127 insertado en la BBDD 
[12/09/24 20:26:34] [INFORMACIÓN] Butaca con id: 128 insertado en la BBDD 
[12/09/24 20:26:34] [INFORMACIÓN] Butaca con id: 129 insertado en la BBDD 
[12/09/24 20:26:34] [INFORMACIÓN] Butaca con id: 130 insertado en la BBDD 
[12/09/24 20:26:34] [INFORMACIÓN] Butaca con id: 131 insertado en la BBDD 
[12/09/24 20:26:34] [INFORMACIÓN] Butaca con id: 132 insertado en la BBDD 
[12/09/24 20:26:34] [INFORMACIÓN] Butaca con id: 133 insertado en la BBDD 
[12/09/24 20:26:34] [INFORMACIÓN] Butaca con id: 134 insertado en la BBDD 
[12/09/24 20:26:34] [INFORMACIÓN] Butaca con id: 135 insertado en la BBDD 
[12/09/24 20:26:34] [INFORMACIÓN] Butaca con id: 136 insertado en la BBDD 
[12/09/24 20:26:34] [INFORMACIÓN] Butaca con id: 137 insertado en la BBDD 
[12/09/24 20:26:34] [INFORMACIÓN] Butaca con id: 138 insertado en la BBDD 
[12/09/24 20:26:34] [INFORMACIÓN] Butaca con id: 139 insertado en la BBDD 
[12/09/24 20:26:34] [INFORMACIÓN] Butaca con id: 140 insertado en la BBDD 
[12/09/24 20:26:34] [INFORMACIÓN] Butaca con id: 141 insertado en la BBDD 
[12/09/24 20:26:34] [INFORMACIÓN] Butaca con id: 142 insertado en la BBDD 
[12/09/24 20:26:34] [INFORMACIÓN] Butaca con id: 143 insertado en la BBDD 
[12/09/24 20:26:34] [INFORMACIÓN] Butaca con id: 144 insertado en la BBDD 
[12/09/24 20:26:34] [INFORMACIÓN] Butaca con id: 145 insertado en la BBDD 
[12/09/24 20:26:34] [INFORMACIÓN] Butaca con id: 146 insertado en la BBDD 
[12/09/24 20:26:34] [INFORMACIÓN] Butaca con id: 147 insertado en la BBDD 
[12/09/24 20:26:34] [INFORMACIÓN] Butaca con id: 148 insertado en la BBDD 
[12/09/24 20:26:34] [INFORMACIÓN] Butaca con id: 149 insertado en la BBDD 
[12/09/24 20:26:34] [INFORMACIÓN] Butaca con id: 150 insertado en la BBDD 
[12/09/24 20:26:34] [INFORMACIÓN] Butaca con id: 151 insertado en la BBDD 
[12/09/24 20:26:34] [INFORMACIÓN] Butaca con id: 152 insertado en la BBDD 
[12/09/24 20:26:34] [INFORMACIÓN] Butaca con id: 153 insertado en la BBDD 
[12/09/24 20:26:34] [INFORMACIÓN] Butaca con id: 154 insertado en la BBDD 
[12/09/24 20:26:34] [INFORMACIÓN] Butaca con id: 155 insertado en la BBDD 
[12/09/24 20:26:34] [INFORMACIÓN] Butaca con id: 156 insertado en la BBDD 
[12/09/24 20:26:34] [INFORMACIÓN] Butaca con id: 157 insertado en la BBDD 
[12/09/24 20:26:34] [INFORMACIÓN] Butaca con id: 158 insertado en la BBDD 
[12/09/24 20:26:34] [INFORMACIÓN] Butaca con id: 159 insertado en la BBDD 
[12/09/24 20:26:34] [INFORMACIÓN] Butaca con id: 160 insertado en la BBDD 
[12/09/24 20:26:34] [INFORMACIÓN] Butaca con id: 161 insertado en la BBDD 
[12/09/24 20:26:34] [INFORMACIÓN] Butaca con id: 162 insertado en la BBDD 
[12/09/24 20:26:34] [INFORMACIÓN] Butaca con id: 163 insertado en la BBDD 
[12/09/24 20:26:34] [INFORMACIÓN] Butaca con id: 164 insertado en la BBDD 
[12/09/24 20:26:34] [INFORMACIÓN] Butaca con id: 165 insertado en la BBDD 
[12/09/24 20:26:34] [INFORMACIÓN] Butaca con id: 166 insertado en la BBDD 
[12/09/24 20:26:34] [INFORMACIÓN] Butaca con id: 167 insertado en la BBDD 
[12/09/24 20:26:34] [INFORMACIÓN] Butaca con id: 168 insertado en la BBDD 
[12/09/24 20:26:34] [INFORMACIÓN] Butaca con id: 169 insertado en la BBDD 
[12/09/24 20:26:34] [INFORMACIÓN] Butaca con id: 170 insertado en la BBDD 
[12/09/24 20:26:34] [INFORMACIÓN] Butaca con id: 171 insertado en la BBDD 
[12/09/24 20:26:35] [INFORMACIÓN] Butaca con id: 172 insertado en la BBDD 
[12/09/24 20:26:35] [INFORMACIÓN] Butaca con id: 173 insertado en la BBDD 
[12/09/24 20:26:35] [INFORMACIÓN] Butaca con id: 174 insertado en la BBDD 
[12/09/24 20:26:35] [INFORMACIÓN] Butaca con id: 175 insertado en la BBDD 
